\BOOKMARK [0][]{chapter.1}{\376\377\0001\000\040\121\375\145\160\060\001\147\201\226\120\116\016\217\336\176\355}{}% 1
\BOOKMARK [1][]{section.1.1}{\376\377\0001\000.\0001\000\040\121\375\145\160\123\312\121\166\122\035\173\111\140\047\215\050}{chapter.1}% 2
\BOOKMARK [1][]{section.1.2}{\376\377\0001\000.\0002\000\040\145\160\122\027\147\201\226\120\060\001\121\375\145\160\147\201\226\120\166\204\151\202\137\365\116\016\140\047\215\050}{chapter.1}% 3
\BOOKMARK [1][]{section.1.3}{\376\377\0001\000.\0003\000\040\145\340\172\167\134\017\116\016\145\340\172\167\131\047\000\040\147\201\226\120\217\320\173\227\121\306\122\031}{chapter.1}% 4
\BOOKMARK [1][]{section.1.4}{\376\377\0001\000.\0004\000\040\147\201\226\120\133\130\127\050\121\306\122\031}{chapter.1}% 5
\BOOKMARK [1][]{section.1.5}{\376\377\0001\000.\0005\000\040\145\340\172\167\134\017\166\204\153\324\217\203\116\016\173\111\116\367\145\340\172\167\134\017\116\343\143\142}{chapter.1}% 6
\BOOKMARK [1][]{section.1.6}{\376\377\0001\000.\0006\000\040\121\375\145\160\217\336\176\355\166\204\151\202\137\365\116\016\217\336\176\355\121\375\145\160\166\204\140\047\215\050}{chapter.1}% 7
\BOOKMARK [1][]{section.1.7}{\376\377\0001\000.\0007\000\040\225\364\145\255\160\271\123\312\122\006\174\173}{chapter.1}% 8
\BOOKMARK [0][]{chapter.2}{\376\377\0002\000\040\116\000\121\103\121\375\145\160\122\006\147\220\133\146}{}% 9
\BOOKMARK [1][]{section.2.1}{\376\377\0002\000.\0001\000\040\133\374\145\160\166\204\151\202\137\365}{chapter.2}% 10
\BOOKMARK [1][]{section.2.2}{\376\377\0002\000.\0002\000\040\133\374\145\160\166\204\217\320\173\227\154\325\122\031}{chapter.2}% 11
\BOOKMARK [1][]{section.2.3}{\376\377\0002\000.\0003\000\040\226\220\121\375\145\160\060\001\165\061\123\302\145\160\145\271\172\013\170\156\133\232\166\204\121\375\145\160\166\204\133\374\145\160}{chapter.2}% 12
\BOOKMARK [1][]{section.2.4}{\376\377\0002\000.\0004\000\040\121\375\145\160\166\204\137\256\122\006}{chapter.2}% 13
\BOOKMARK [0][]{chapter.3}{\376\377\0003\000\040\137\256\122\006\116\055\120\074\133\232\164\006\116\016\133\374\145\160\166\204\136\224\165\050}{}% 14
\BOOKMARK [1][]{section.3.1}{\376\377\0003\000.\0001\000\040\137\256\122\006\116\055\120\074\133\232\164\006}{chapter.3}% 15
\BOOKMARK [1][]{section.3.2}{\376\377\0003\000.\0002\000\040\155\033\137\305\217\276\154\325\122\031\116\016\147\052\133\232\137\017\147\201\226\120}{chapter.3}% 16
\BOOKMARK [1][]{section.3.3}{\376\377\0003\000.\0003\000\040\154\360\122\322\121\154\137\017}{chapter.3}% 17
\BOOKMARK [1][]{section.3.4}{\376\377\0003\000.\0004\000\040\121\375\145\160\166\204\123\125\214\003\140\047\123\312\136\224\165\050}{chapter.3}% 18
\BOOKMARK [1][]{section.3.5}{\376\377\0003\000.\0005\000\040\121\375\145\160\166\204\147\201\120\074\116\016\147\000\120\074}{chapter.3}% 19
\BOOKMARK [1][]{section.3.6}{\376\377\0003\000.\0006\000\040\146\362\176\277\166\204\121\371\121\370\140\047\116\016\142\320\160\271}{chapter.3}% 20
\BOOKMARK [1][]{section.3.7}{\376\377\0003\000.\0007\000\040\121\375\145\160\140\047\140\001\166\204\143\317\217\360\116\016\121\375\145\160\226\366\160\271\225\356\230\230}{chapter.3}% 21
\BOOKMARK [1][]{section.3.8}{\376\377\0003\000.\0008\000\040\146\362\163\207}{chapter.3}% 22
\BOOKMARK [0][]{chapter.4}{\376\377\0004\000\040\116\000\121\103\121\375\145\160\171\357\122\006\133\146}{}% 23
\BOOKMARK [1][]{section.4.1}{\376\377\0004\000.\0001\000\040\133\232\171\357\122\006\166\204\151\202\137\365\116\016\140\047\215\050}{chapter.4}% 24
\BOOKMARK [1][]{section.4.2}{\376\377\0004\000.\0002\000\040\123\330\116\012\226\120\171\357\122\006\121\375\145\160\123\312\121\166\133\374\145\160}{chapter.4}% 25
\BOOKMARK [1][]{section.4.3}{\376\377\0004\000.\0003\000\040\171\357\122\006\166\204\213\241\173\227}{chapter.4}% 26
\BOOKMARK [1][]{section.4.4}{\376\377\0004\000.\0004\000\040\133\232\171\357\122\006\166\204\162\171\133\232\176\323\213\272\123\312\176\374\124\010\230\230\166\356\116\016\213\301\146\016\230\230}{chapter.4}% 27
\BOOKMARK [1][]{section.4.5}{\376\377\0004\000.\0005\000\040\123\315\136\070\171\357\122\006}{chapter.4}% 28
\BOOKMARK [1][]{section.4.6}{\376\377\0004\000.\0006\000\040\122\006\220\350\171\357\122\006\166\204\137\353\220\037\171\357\122\006\154\325}{chapter.4}% 29
\BOOKMARK [0][]{chapter.5}{\376\377\0005\000\040\133\232\171\357\122\006\166\204\136\224\165\050}{}% 30
\BOOKMARK [1][]{section.5.1}{\376\377\0005\000.\0001\000\040\136\163\227\142\126\376\137\142\166\204\227\142\171\357}{chapter.5}% 31
\BOOKMARK [1][]{section.5.2}{\376\377\0005\000.\0002\000\040\117\123\171\357}{chapter.5}% 32
\BOOKMARK [1][]{section.5.3}{\376\377\0005\000.\0003\000\040\136\163\227\142\146\362\176\277\166\204\137\047\225\177\000\040\145\313\217\154\117\123\166\204\117\247\227\142\171\357}{chapter.5}% 33
\BOOKMARK [1][]{section.5.4}{\376\377\0005\000.\0004\000\040\133\232\171\357\122\006\166\204\162\151\164\006\136\224\165\050}{chapter.5}% 34
\BOOKMARK [0][]{chapter.6}{\376\377\0006\000\040\136\070\137\256\122\006\145\271\172\013}{}% 35
\BOOKMARK [1][]{section.6.1}{\376\377\0006\000.\0001\000\040\116\000\226\066\137\256\122\006\145\271\172\013\123\312\121\166\136\224\165\050}{chapter.6}% 36
\BOOKMARK [1][]{section.6.2}{\376\377\0006\000.\0002\000\040\123\357\226\115\226\066\166\204\116\214\226\066\137\256\122\006\145\271\172\013\123\312\121\166\136\224\165\050}{chapter.6}% 37
\BOOKMARK [1][]{section.6.3}{\376\377\0006\000.\0003\000\040\116\214\226\066\176\277\140\047\137\256\122\006\145\271\172\013\123\312\121\166\136\224\165\050}{chapter.6}% 38
\BOOKMARK [0][]{chapter*.2}{\376\377\116\140\230\230\116\052\116\272\211\343\173\124}{}% 39
